GROUP,PACKAGE,CLASS,INSTRUCTION_MISSED,INSTRUCTION_COVERED,BRANCH_MISSED,BRANCH_COVERED,LINE_MISSED,LINE_COVERED,COMPLEXITY_MISSED,COMPLEXITY_COVERED,METHOD_MISSED,METHOD_COVERED
Assignment for class CS5010,edu.neu.ccs.cs5010.assignment7.concurrent,ConcurrentFileWriter,72,764,0,18,9,130,0,18,0,9
Assignment for class CS5010,edu.neu.ccs.cs5010.assignment7.concurrent,ConcurrentProducer,6,19,1,1,3,8,1,2,0,2
Assignment for class CS5010,edu.neu.ccs.cs5010.assignment7.concurrent,SplitRunnable,30,63,5,1,6,21,3,2,0,2
Assignment for class CS5010,edu.neu.ccs.cs5010.assignment7.concurrent,ConcurrentController,7,98,0,6,4,26,0,9,0,6
Assignment for class CS5010,edu.neu.ccs.cs5010.assignment7.concurrent,FileSplit,0,118,0,4,0,26,0,4,0,2
Assignment for class CS5010,edu.neu.ccs.cs5010.assignment7.concurrent,ConcurrentOutputObject,0,587,1,23,0,126,1,36,0,25
Assignment for class CS5010,edu.neu.ccs.cs5010.assignment7.concurrent,SystemService,11,0,0,0,4,0,2,0,2,0
Assignment for class CS5010,edu.neu.ccs.cs5010.assignment7.concurrent,ConcurrentBroker,0,25,0,0,0,6,0,3,0,3
Assignment for class CS5010,edu.neu.ccs.cs5010.assignment7.concurrent,ConcurrentConsumer,6,63,1,3,3,17,1,3,0,2
Assignment for class CS5010,edu.neu.ccs.cs5010.assignment7.concurrent,ConcurrentFileReader,44,166,4,8,12,40,3,10,0,7
Assignment for class CS5010,edu.neu.ccs.cs5010.assignment7.concurrent,ConcurrentMapBuilder,0,187,0,8,0,30,0,10,0,6
Assignment for class CS5010,edu.neu.ccs.cs5010.assignment7.javautil,PlotterUtil,0,226,0,4,0,49,0,9,0,7
Assignment for class CS5010,edu.neu.ccs.cs5010.assignment7.javautil,BufferedReaderUtil,3,62,0,2,2,13,0,3,0,2
Assignment for class CS5010,edu.neu.ccs.cs5010.assignment7.javautil,CommandLineProcesserUtil,0,410,0,38,0,101,0,21,0,2
Assignment for class CS5010,edu.neu.ccs.cs5010.assignment7.javautil,LineParserUtil,0,168,1,11,0,31,1,9,0,4
Assignment for class CS5010,edu.neu.ccs.cs5010.assignment7.sequential.exception,IllegalThresholdException,0,4,0,0,0,2,0,1,0,1
Assignment for class CS5010,edu.neu.ccs.cs5010.assignment7.sequential.exception,IllegalColumnNumberException,0,4,0,0,0,2,0,1,0,1
Assignment for class CS5010,edu.neu.ccs.cs5010.assignment7.sequential.exception,NullArgumentException,0,4,0,0,0,2,0,1,0,1
Assignment for class CS5010,edu.neu.ccs.cs5010.assignment7.sequential.pojo,GetPercentile,0,119,0,10,0,21,0,9,0,4
Assignment for class CS5010,edu.neu.ccs.cs5010.assignment7.sequential.pojo,MapBuilder,0,282,0,4,0,45,0,12,0,10
Assignment for class CS5010,edu.neu.ccs.cs5010.assignment7.sequential.pojo,FileWriter,108,614,1,11,6,83,1,9,0,4
